<?xml version="1.0" encoding="UTF-8"?>
<!-- Generated by org.testng.reporters.JUnitReportReporter -->
<testsuite skipped="0" hostname="GQCHNL1007" name="forecast.CreateOpportunity" tests="1" failures="0" timestamp="10 Nov 2016 04:40:43 GMT" time="53.638" errors="0">
  <testcase name="opportunity_creation" time="53.638" classname="forecast.CreateOpportunity"/>
</testsuite> <!-- forecast.CreateOpportunity -->
